This is XeTeX, Version 3.141592653-2.6-0.999995 (MiKTeX 23.10.12) (preloaded format=xelatex 2023.11.27)  26 FEB 2024 09:39
entering extended mode
 restricted \write18 enabled.
 %&-line parsing enabled.
**./draft7.tex
(draft7.tex
LaTeX2e <2023-11-01>
L3 programming layer <2023-11-09>

(C:\Users\s338090\AppData\Local\Programs\MiKTeX\tex/latex/elsarticle\elsarticle
.cls
Document Class: elsarticle 2020/11/20, 3.3: Elsevier Ltd
(C:\Users\s338090\AppData\Local\Programs\MiKTeX\tex/latex/l3kernel\expl3.sty
Package: expl3 2023-11-09 L3 programming layer (loader) 

(C:\Users\s338090\AppData\Local\Programs\MiKTeX\tex/latex/l3backend\l3backend-x
etex.def
File: l3backend-xetex.def 2023-11-09 L3 backend support: XeTeX
\g__graphics_track_int=\count182
\l__pdf_internal_box=\box51
\g__pdf_backend_object_int=\count183
\g__pdf_backend_annotation_int=\count184
\g__pdf_backend_link_int=\count185
))
(C:\Users\s338090\AppData\Local\Programs\MiKTeX\tex/latex/l3packages/xparse\xpa
rse.sty
Package: xparse 2023-10-10 L3 Experimental document command parser
)
(C:\Users\s338090\AppData\Local\Programs\MiKTeX\tex/latex/etoolbox\etoolbox.sty
Package: etoolbox 2020/10/05 v2.5k e-TeX tools for LaTeX (JAW)
\etb@tempcnta=\count186
)
\@bls=\dimen140
 (C:\Users\s338090\AppData\Local\Programs\MiKTeX\tex/latex/base\article.cls
Document Class: article 2023/05/17 v1.4n Standard LaTeX document class
(C:\Users\s338090\AppData\Local\Programs\MiKTeX\tex/latex/base\size10.clo
File: size10.clo 2023/05/17 v1.4n Standard LaTeX file (size option)
)
\c@part=\count187
\c@section=\count188
\c@subsection=\count189
\c@subsubsection=\count190
\c@paragraph=\count191
\c@subparagraph=\count192
\c@figure=\count193
\c@table=\count194
\abovecaptionskip=\skip48
\belowcaptionskip=\skip49
\bibindent=\dimen141
)
(C:\Users\s338090\AppData\Local\Programs\MiKTeX\tex/latex/graphics\graphicx.sty
Package: graphicx 2021/09/16 v1.2d Enhanced LaTeX Graphics (DPC,SPQR)
(C:\Users\s338090\AppData\Local\Programs\MiKTeX\tex/latex/graphics\keyval.sty
Package: keyval 2022/05/29 v1.15 key=value parser (DPC)
\KV@toks@=\toks17
)
(C:\Users\s338090\AppData\Local\Programs\MiKTeX\tex/latex/graphics\graphics.sty
Package: graphics 2022/03/10 v1.4e Standard LaTeX Graphics (DPC,SPQR)
(C:\Users\s338090\AppData\Local\Programs\MiKTeX\tex/latex/graphics\trig.sty
Package: trig 2021/08/11 v1.11 sin cos tan (DPC)
)
(C:\Users\s338090\AppData\Local\Programs\MiKTeX\tex/latex/graphics-cfg\graphics
.cfg
File: graphics.cfg 2016/06/04 v1.11 sample graphics configuration
)
Package graphics Info: Driver file: xetex.def on input line 107.

(C:\Users\s338090\AppData\Local\Programs\MiKTeX\tex/latex/graphics-def\xetex.de
f
File: xetex.def 2022/09/22 v5.0n Graphics/color driver for xetex
))
\Gin@req@height=\dimen142
\Gin@req@width=\dimen143
)
\c@tnote=\count195
\c@fnote=\count196
\c@cnote=\count197
\c@ead=\count198
\c@author=\count199
\@eadauthor=\toks18
\c@affn=\count266
\absbox=\box52
\elsarticlehighlightsbox=\box53
\elsarticlegrabsbox=\box54
\keybox=\box55
\Columnwidth=\dimen144
\space@left=\dimen145
\els@boxa=\box56
\els@boxb=\box57
\leftMargin=\dimen146
\@enLab=\toks19
\@sep=\skip50
\@@sep=\skip51
 (draft7.spl)
(C:\Users\s338090\AppData\Local\Programs\MiKTeX\tex/latex/natbib\natbib.sty
Package: natbib 2010/09/13 8.31b (PWD, AO)
\bibhang=\skip52
\bibsep=\skip53
LaTeX Info: Redefining \cite on input line 694.
\c@NAT@ctr=\count267
)
\splwrite=\write3
\openout3 = `draft7.spl'.

\appnamewidth=\dimen147
)
(C:\Users\s338090\AppData\Local\Programs\MiKTeX\tex/latex/pgfplots\pgfplots.sty

(C:\Users\s338090\AppData\Local\Programs\MiKTeX\tex/generic/pgfplots\pgfplots.r
evision.tex)
Package: pgfplots 2021/05/15 v1.18.1 Data Visualization (1.18.1)

(C:\Users\s338090\AppData\Local\Programs\MiKTeX\tex/latex/pgf/frontendlayer\tik
z.sty
(C:\Users\s338090\AppData\Local\Programs\MiKTeX\tex/latex/pgf/basiclayer\pgf.st
y
(C:\Users\s338090\AppData\Local\Programs\MiKTeX\tex/latex/pgf/utilities\pgfrcs.
sty
(C:\Users\s338090\AppData\Local\Programs\MiKTeX\tex/generic/pgf/utilities\pgfut
il-common.tex
\pgfutil@everybye=\toks20
\pgfutil@tempdima=\dimen148
\pgfutil@tempdimb=\dimen149
)
(C:\Users\s338090\AppData\Local\Programs\MiKTeX\tex/generic/pgf/utilities\pgfut
il-latex.def
\pgfutil@abb=\box58
)
(C:\Users\s338090\AppData\Local\Programs\MiKTeX\tex/generic/pgf/utilities\pgfrc
s.code.tex
(C:\Users\s338090\AppData\Local\Programs\MiKTeX\tex/generic/pgf\pgf.revision.te
x)
Package: pgfrcs 2023-01-15 v3.1.10 (3.1.10)
))
Package: pgf 2023-01-15 v3.1.10 (3.1.10)

(C:\Users\s338090\AppData\Local\Programs\MiKTeX\tex/latex/pgf/basiclayer\pgfcor
e.sty
(C:\Users\s338090\AppData\Local\Programs\MiKTeX\tex/latex/pgf/systemlayer\pgfsy
s.sty
(C:\Users\s338090\AppData\Local\Programs\MiKTeX\tex/generic/pgf/systemlayer\pgf
sys.code.tex
Package: pgfsys 2023-01-15 v3.1.10 (3.1.10)

(C:\Users\s338090\AppData\Local\Programs\MiKTeX\tex/generic/pgf/utilities\pgfke
ys.code.tex
\pgfkeys@pathtoks=\toks21
\pgfkeys@temptoks=\toks22

(C:\Users\s338090\AppData\Local\Programs\MiKTeX\tex/generic/pgf/utilities\pgfke
yslibraryfiltered.code.tex
\pgfkeys@tmptoks=\toks23
))
\pgf@x=\dimen150
\pgf@y=\dimen151
\pgf@xa=\dimen152
\pgf@ya=\dimen153
\pgf@xb=\dimen154
\pgf@yb=\dimen155
\pgf@xc=\dimen156
\pgf@yc=\dimen157
\pgf@xd=\dimen158
\pgf@yd=\dimen159
\w@pgf@writea=\write4
\r@pgf@reada=\read2
\c@pgf@counta=\count268
\c@pgf@countb=\count269
\c@pgf@countc=\count270
\c@pgf@countd=\count271
\t@pgf@toka=\toks24
\t@pgf@tokb=\toks25
\t@pgf@tokc=\toks26
\pgf@sys@id@count=\count272

(C:\Users\s338090\AppData\Local\Programs\MiKTeX\tex/generic/pgf/systemlayer\pgf
.cfg
File: pgf.cfg 2023-01-15 v3.1.10 (3.1.10)
)
Driver file for pgf: pgfsys-xetex.def

(C:\Users\s338090\AppData\Local\Programs\MiKTeX\tex/generic/pgf/systemlayer\pgf
sys-xetex.def
File: pgfsys-xetex.def 2023-01-15 v3.1.10 (3.1.10)

(C:\Users\s338090\AppData\Local\Programs\MiKTeX\tex/generic/pgf/systemlayer\pgf
sys-dvipdfmx.def
File: pgfsys-dvipdfmx.def 2023-01-15 v3.1.10 (3.1.10)

(C:\Users\s338090\AppData\Local\Programs\MiKTeX\tex/generic/pgf/systemlayer\pgf
sys-common-pdf.def
File: pgfsys-common-pdf.def 2023-01-15 v3.1.10 (3.1.10)
)
\pgfsys@objnum=\count273
)))
(C:\Users\s338090\AppData\Local\Programs\MiKTeX\tex/generic/pgf/systemlayer\pgf
syssoftpath.code.tex
File: pgfsyssoftpath.code.tex 2023-01-15 v3.1.10 (3.1.10)
\pgfsyssoftpath@smallbuffer@items=\count274
\pgfsyssoftpath@bigbuffer@items=\count275
)
(C:\Users\s338090\AppData\Local\Programs\MiKTeX\tex/generic/pgf/systemlayer\pgf
sysprotocol.code.tex
File: pgfsysprotocol.code.tex 2023-01-15 v3.1.10 (3.1.10)
))
(C:\Users\s338090\AppData\Local\Programs\MiKTeX\tex/latex/xcolor\xcolor.sty
Package: xcolor 2023/11/15 v3.01 LaTeX color extensions (UK)

(C:\Users\s338090\AppData\Local\Programs\MiKTeX\tex/latex/graphics-cfg\color.cf
g
File: color.cfg 2016/01/02 v1.6 sample color configuration
)
Package xcolor Info: Driver file: xetex.def on input line 274.

(C:\Users\s338090\AppData\Local\Programs\MiKTeX\tex/latex/graphics\mathcolor.lt
x)
Package xcolor Info: Model `cmy' substituted by `cmy0' on input line 1350.
Package xcolor Info: Model `RGB' extended on input line 1366.
Package xcolor Info: Model `HTML' substituted by `rgb' on input line 1368.
Package xcolor Info: Model `Hsb' substituted by `hsb' on input line 1369.
Package xcolor Info: Model `tHsb' substituted by `hsb' on input line 1370.
Package xcolor Info: Model `HSB' substituted by `hsb' on input line 1371.
Package xcolor Info: Model `Gray' substituted by `gray' on input line 1372.
Package xcolor Info: Model `wave' substituted by `hsb' on input line 1373.
)
(C:\Users\s338090\AppData\Local\Programs\MiKTeX\tex/generic/pgf/basiclayer\pgfc
ore.code.tex
Package: pgfcore 2023-01-15 v3.1.10 (3.1.10)

(C:\Users\s338090\AppData\Local\Programs\MiKTeX\tex/generic/pgf/math\pgfmath.co
de.tex
(C:\Users\s338090\AppData\Local\Programs\MiKTeX\tex/generic/pgf/math\pgfmathuti
l.code.tex)
(C:\Users\s338090\AppData\Local\Programs\MiKTeX\tex/generic/pgf/math\pgfmathpar
ser.code.tex
\pgfmath@dimen=\dimen160
\pgfmath@count=\count276
\pgfmath@box=\box59
\pgfmath@toks=\toks27
\pgfmath@stack@operand=\toks28
\pgfmath@stack@operation=\toks29
)
(C:\Users\s338090\AppData\Local\Programs\MiKTeX\tex/generic/pgf/math\pgfmathfun
ctions.code.tex)
(C:\Users\s338090\AppData\Local\Programs\MiKTeX\tex/generic/pgf/math\pgfmathfun
ctions.basic.code.tex)
(C:\Users\s338090\AppData\Local\Programs\MiKTeX\tex/generic/pgf/math\pgfmathfun
ctions.trigonometric.code.tex)
(C:\Users\s338090\AppData\Local\Programs\MiKTeX\tex/generic/pgf/math\pgfmathfun
ctions.random.code.tex)
(C:\Users\s338090\AppData\Local\Programs\MiKTeX\tex/generic/pgf/math\pgfmathfun
ctions.comparison.code.tex)
(C:\Users\s338090\AppData\Local\Programs\MiKTeX\tex/generic/pgf/math\pgfmathfun
ctions.base.code.tex)
(C:\Users\s338090\AppData\Local\Programs\MiKTeX\tex/generic/pgf/math\pgfmathfun
ctions.round.code.tex)
(C:\Users\s338090\AppData\Local\Programs\MiKTeX\tex/generic/pgf/math\pgfmathfun
ctions.misc.code.tex)
(C:\Users\s338090\AppData\Local\Programs\MiKTeX\tex/generic/pgf/math\pgfmathfun
ctions.integerarithmetics.code.tex)
(C:\Users\s338090\AppData\Local\Programs\MiKTeX\tex/generic/pgf/math\pgfmathcal
c.code.tex)
(C:\Users\s338090\AppData\Local\Programs\MiKTeX\tex/generic/pgf/math\pgfmathflo
at.code.tex
\c@pgfmathroundto@lastzeros=\count277
))
(C:\Users\s338090\AppData\Local\Programs\MiKTeX\tex/generic/pgf/math\pgfint.cod
e.tex)
(C:\Users\s338090\AppData\Local\Programs\MiKTeX\tex/generic/pgf/basiclayer\pgfc
orepoints.code.tex
File: pgfcorepoints.code.tex 2023-01-15 v3.1.10 (3.1.10)
\pgf@picminx=\dimen161
\pgf@picmaxx=\dimen162
\pgf@picminy=\dimen163
\pgf@picmaxy=\dimen164
\pgf@pathminx=\dimen165
\pgf@pathmaxx=\dimen166
\pgf@pathminy=\dimen167
\pgf@pathmaxy=\dimen168
\pgf@xx=\dimen169
\pgf@xy=\dimen170
\pgf@yx=\dimen171
\pgf@yy=\dimen172
\pgf@zx=\dimen173
\pgf@zy=\dimen174
)
(C:\Users\s338090\AppData\Local\Programs\MiKTeX\tex/generic/pgf/basiclayer\pgfc
orepathconstruct.code.tex
File: pgfcorepathconstruct.code.tex 2023-01-15 v3.1.10 (3.1.10)
\pgf@path@lastx=\dimen175
\pgf@path@lasty=\dimen176
)
(C:\Users\s338090\AppData\Local\Programs\MiKTeX\tex/generic/pgf/basiclayer\pgfc
orepathusage.code.tex
File: pgfcorepathusage.code.tex 2023-01-15 v3.1.10 (3.1.10)
\pgf@shorten@end@additional=\dimen177
\pgf@shorten@start@additional=\dimen178
)
(C:\Users\s338090\AppData\Local\Programs\MiKTeX\tex/generic/pgf/basiclayer\pgfc
orescopes.code.tex
File: pgfcorescopes.code.tex 2023-01-15 v3.1.10 (3.1.10)
\pgfpic=\box60
\pgf@hbox=\box61
\pgf@layerbox@main=\box62
\pgf@picture@serial@count=\count278
)
(C:\Users\s338090\AppData\Local\Programs\MiKTeX\tex/generic/pgf/basiclayer\pgfc
oregraphicstate.code.tex
File: pgfcoregraphicstate.code.tex 2023-01-15 v3.1.10 (3.1.10)
\pgflinewidth=\dimen179
)
(C:\Users\s338090\AppData\Local\Programs\MiKTeX\tex/generic/pgf/basiclayer\pgfc
oretransformations.code.tex
File: pgfcoretransformations.code.tex 2023-01-15 v3.1.10 (3.1.10)
\pgf@pt@x=\dimen180
\pgf@pt@y=\dimen181
\pgf@pt@temp=\dimen182
)
(C:\Users\s338090\AppData\Local\Programs\MiKTeX\tex/generic/pgf/basiclayer\pgfc
orequick.code.tex
File: pgfcorequick.code.tex 2023-01-15 v3.1.10 (3.1.10)
)
(C:\Users\s338090\AppData\Local\Programs\MiKTeX\tex/generic/pgf/basiclayer\pgfc
oreobjects.code.tex
File: pgfcoreobjects.code.tex 2023-01-15 v3.1.10 (3.1.10)
)
(C:\Users\s338090\AppData\Local\Programs\MiKTeX\tex/generic/pgf/basiclayer\pgfc
orepathprocessing.code.tex
File: pgfcorepathprocessing.code.tex 2023-01-15 v3.1.10 (3.1.10)
)
(C:\Users\s338090\AppData\Local\Programs\MiKTeX\tex/generic/pgf/basiclayer\pgfc
orearrows.code.tex
File: pgfcorearrows.code.tex 2023-01-15 v3.1.10 (3.1.10)
\pgfarrowsep=\dimen183
)
(C:\Users\s338090\AppData\Local\Programs\MiKTeX\tex/generic/pgf/basiclayer\pgfc
oreshade.code.tex
File: pgfcoreshade.code.tex 2023-01-15 v3.1.10 (3.1.10)
\pgf@max=\dimen184
\pgf@sys@shading@range@num=\count279
\pgf@shadingcount=\count280
)
(C:\Users\s338090\AppData\Local\Programs\MiKTeX\tex/generic/pgf/basiclayer\pgfc
oreimage.code.tex
File: pgfcoreimage.code.tex 2023-01-15 v3.1.10 (3.1.10)
)
(C:\Users\s338090\AppData\Local\Programs\MiKTeX\tex/generic/pgf/basiclayer\pgfc
oreexternal.code.tex
File: pgfcoreexternal.code.tex 2023-01-15 v3.1.10 (3.1.10)
\pgfexternal@startupbox=\box63
)
(C:\Users\s338090\AppData\Local\Programs\MiKTeX\tex/generic/pgf/basiclayer\pgfc
orelayers.code.tex
File: pgfcorelayers.code.tex 2023-01-15 v3.1.10 (3.1.10)
)
(C:\Users\s338090\AppData\Local\Programs\MiKTeX\tex/generic/pgf/basiclayer\pgfc
oretransparency.code.tex
File: pgfcoretransparency.code.tex 2023-01-15 v3.1.10 (3.1.10)
)
(C:\Users\s338090\AppData\Local\Programs\MiKTeX\tex/generic/pgf/basiclayer\pgfc
orepatterns.code.tex
File: pgfcorepatterns.code.tex 2023-01-15 v3.1.10 (3.1.10)
)
(C:\Users\s338090\AppData\Local\Programs\MiKTeX\tex/generic/pgf/basiclayer\pgfc
orerdf.code.tex
File: pgfcorerdf.code.tex 2023-01-15 v3.1.10 (3.1.10)
)))
(C:\Users\s338090\AppData\Local\Programs\MiKTeX\tex/generic/pgf/modules\pgfmodu
leshapes.code.tex
File: pgfmoduleshapes.code.tex 2023-01-15 v3.1.10 (3.1.10)
\pgfnodeparttextbox=\box64
)
(C:\Users\s338090\AppData\Local\Programs\MiKTeX\tex/generic/pgf/modules\pgfmodu
leplot.code.tex
File: pgfmoduleplot.code.tex 2023-01-15 v3.1.10 (3.1.10)
)
(C:\Users\s338090\AppData\Local\Programs\MiKTeX\tex/latex/pgf/compatibility\pgf
comp-version-0-65.sty
Package: pgfcomp-version-0-65 2023-01-15 v3.1.10 (3.1.10)
\pgf@nodesepstart=\dimen185
\pgf@nodesepend=\dimen186
)
(C:\Users\s338090\AppData\Local\Programs\MiKTeX\tex/latex/pgf/compatibility\pgf
comp-version-1-18.sty
Package: pgfcomp-version-1-18 2023-01-15 v3.1.10 (3.1.10)
))
(C:\Users\s338090\AppData\Local\Programs\MiKTeX\tex/latex/pgf/utilities\pgffor.
sty
(C:\Users\s338090\AppData\Local\Programs\MiKTeX\tex/latex/pgf/utilities\pgfkeys
.sty
(C:\Users\s338090\AppData\Local\Programs\MiKTeX\tex/generic/pgf/utilities\pgfke
ys.code.tex))
(C:\Users\s338090\AppData\Local\Programs\MiKTeX\tex/latex/pgf/math\pgfmath.sty
(C:\Users\s338090\AppData\Local\Programs\MiKTeX\tex/generic/pgf/math\pgfmath.co
de.tex))
(C:\Users\s338090\AppData\Local\Programs\MiKTeX\tex/generic/pgf/utilities\pgffo
r.code.tex
Package: pgffor 2023-01-15 v3.1.10 (3.1.10)
\pgffor@iter=\dimen187
\pgffor@skip=\dimen188
\pgffor@stack=\toks30
\pgffor@toks=\toks31
))
(C:\Users\s338090\AppData\Local\Programs\MiKTeX\tex/generic/pgf/frontendlayer/t
ikz\tikz.code.tex
Package: tikz 2023-01-15 v3.1.10 (3.1.10)

(C:\Users\s338090\AppData\Local\Programs\MiKTeX\tex/generic/pgf/libraries\pgfli
braryplothandlers.code.tex
File: pgflibraryplothandlers.code.tex 2023-01-15 v3.1.10 (3.1.10)
\pgf@plot@mark@count=\count281
\pgfplotmarksize=\dimen189
)
\tikz@lastx=\dimen190
\tikz@lasty=\dimen191
\tikz@lastxsaved=\dimen192
\tikz@lastysaved=\dimen193
\tikz@lastmovetox=\dimen194
\tikz@lastmovetoy=\dimen195
\tikzleveldistance=\dimen196
\tikzsiblingdistance=\dimen197
\tikz@figbox=\box65
\tikz@figbox@bg=\box66
\tikz@tempbox=\box67
\tikz@tempbox@bg=\box68
\tikztreelevel=\count282
\tikznumberofchildren=\count283
\tikznumberofcurrentchild=\count284
\tikz@fig@count=\count285

(C:\Users\s338090\AppData\Local\Programs\MiKTeX\tex/generic/pgf/modules\pgfmodu
lematrix.code.tex
File: pgfmodulematrix.code.tex 2023-01-15 v3.1.10 (3.1.10)
\pgfmatrixcurrentrow=\count286
\pgfmatrixcurrentcolumn=\count287
\pgf@matrix@numberofcolumns=\count288
)
\tikz@expandcount=\count289

(C:\Users\s338090\AppData\Local\Programs\MiKTeX\tex/generic/pgf/frontendlayer/t
ikz/libraries\tikzlibrarytopaths.code.tex
File: tikzlibrarytopaths.code.tex 2023-01-15 v3.1.10 (3.1.10)
)))
(C:\Users\s338090\AppData\Local\Programs\MiKTeX\tex/generic/pgfplots\pgfplots.c
ode.tex
(C:\Users\s338090\AppData\Local\Programs\MiKTeX\tex/generic/pgfplots\pgfplotsco
re.code.tex
\t@pgfplots@toka=\toks32
\t@pgfplots@tokb=\toks33
\t@pgfplots@tokc=\toks34
\pgfplots@tmpa=\dimen198
\c@pgfplots@coordindex=\count290
\c@pgfplots@scanlineindex=\count291

(C:\Users\s338090\AppData\Local\Programs\MiKTeX\tex/generic/pgfplots/sys\pgfplo
tssysgeneric.code.tex))
(C:\Users\s338090\AppData\Local\Programs\MiKTeX\tex/generic/pgfplots/libs\pgfpl
otslibrary.code.tex)
(C:\Users\s338090\AppData\Local\Programs\MiKTeX\tex/generic/pgfplots/oldpgfcomp
atib\pgfplotsoldpgfsupp_loader.code.tex
(C:\Users\s338090\AppData\Local\Programs\MiKTeX\tex/generic/pgf/libraries\pgfli
braryfpu.code.tex)
Package pgfplots: loading complementary utilities for your pgf version...
\t@pgf@toka=\toks35
\t@pgf@tokb=\toks36
\t@pgf@tokc=\toks37

(C:\Users\s338090\AppData\Local\Programs\MiKTeX\tex/generic/pgfplots/oldpgfcomp
atib\pgfplotsoldpgfsupp_pgfutil-common-lists.tex))
(C:\Users\s338090\AppData\Local\Programs\MiKTeX\tex/generic/pgfplots/util\pgfpl
otsutil.code.tex
(C:\Users\s338090\AppData\Local\Programs\MiKTeX\tex/generic/pgfplots/liststruct
ure\pgfplotsliststructure.code.tex)
(C:\Users\s338090\AppData\Local\Programs\MiKTeX\tex/generic/pgfplots/liststruct
ure\pgfplotsliststructureext.code.tex)
(C:\Users\s338090\AppData\Local\Programs\MiKTeX\tex/generic/pgfplots/liststruct
ure\pgfplotsarray.code.tex
\c@pgfplotsarray@tmp=\count292
)
(C:\Users\s338090\AppData\Local\Programs\MiKTeX\tex/generic/pgfplots/liststruct
ure\pgfplotsmatrix.code.tex)
(C:\Users\s338090\AppData\Local\Programs\MiKTeX\tex/generic/pgfplots/numtable\p
gfplotstableshared.code.tex
\c@pgfplotstable@counta=\count293
\t@pgfplotstable@a=\toks38
)
(C:\Users\s338090\AppData\Local\Programs\MiKTeX\tex/generic/pgfplots/liststruct
ure\pgfplotsdeque.code.tex)
(C:\Users\s338090\AppData\Local\Programs\MiKTeX\tex/generic/pgfplots/util\pgfpl
otsbinary.code.tex
(C:\Users\s338090\AppData\Local\Programs\MiKTeX\tex/generic/pgfplots/util\pgfpl
otsbinary.data.code.tex))
(C:\Users\s338090\AppData\Local\Programs\MiKTeX\tex/generic/pgfplots/util\pgfpl
otsutil.verb.code.tex)
(C:\Users\s338090\AppData\Local\Programs\MiKTeX\tex/generic/pgfplots/libs\pgfli
brarypgfplots.surfshading.code.tex
\c@pgfplotslibrarysurf@no=\count294

(C:\Users\s338090\AppData\Local\Programs\MiKTeX\tex/generic/pgfplots/sys\pgflib
rarypgfplots.surfshading.pgfsys-xetex.def
(C:\Users\s338090\AppData\Local\Programs\MiKTeX\tex/generic/pgfplots/sys\pgflib
rarypgfplots.surfshading.pgfsys-dvipdfmx.def
\c@pgfplotslibrarysurf@streamlen=\count295
))))
(C:\Users\s338090\AppData\Local\Programs\MiKTeX\tex/generic/pgfplots/util\pgfpl
otscolormap.code.tex
(C:\Users\s338090\AppData\Local\Programs\MiKTeX\tex/generic/pgfplots/util\pgfpl
otscolor.code.tex))
(C:\Users\s338090\AppData\Local\Programs\MiKTeX\tex/generic/pgfplots\pgfplotsst
ackedplots.code.tex)
(C:\Users\s338090\AppData\Local\Programs\MiKTeX\tex/generic/pgfplots\pgfplotspl
othandlers.code.tex
(C:\Users\s338090\AppData\Local\Programs\MiKTeX\tex/generic/pgfplots\pgfplotsme
shplothandler.code.tex
(C:\Users\s338090\AppData\Local\Programs\MiKTeX\tex/generic/pgfplots\pgfplotsme
shplotimage.code.tex)))
(C:\Users\s338090\AppData\Local\Programs\MiKTeX\tex/generic/pgfplots\pgfplots.s
caling.code.tex)
(C:\Users\s338090\AppData\Local\Programs\MiKTeX\tex/generic/pgfplots\pgfplotsco
ordprocessing.code.tex)
(C:\Users\s338090\AppData\Local\Programs\MiKTeX\tex/generic/pgfplots\pgfplots.e
rrorbars.code.tex)
(C:\Users\s338090\AppData\Local\Programs\MiKTeX\tex/generic/pgfplots\pgfplots.m
arkers.code.tex)
(C:\Users\s338090\AppData\Local\Programs\MiKTeX\tex/generic/pgfplots\pgfplotsti
cks.code.tex)
(C:\Users\s338090\AppData\Local\Programs\MiKTeX\tex/generic/pgfplots\pgfplots.p
aths.code.tex)
(C:\Users\s338090\AppData\Local\Programs\MiKTeX\tex/generic/pgf/frontendlayer/t
ikz/libraries\tikzlibrarydecorations.code.tex
(C:\Users\s338090\AppData\Local\Programs\MiKTeX\tex/generic/pgf/modules\pgfmodu
ledecorations.code.tex
\pgfdecoratedcompleteddistance=\dimen199
\pgfdecoratedremainingdistance=\dimen256
\pgfdecoratedinputsegmentcompleteddistance=\dimen257
\pgfdecoratedinputsegmentremainingdistance=\dimen258
\pgf@decorate@distancetomove=\dimen259
\pgf@decorate@repeatstate=\count296
\pgfdecorationsegmentamplitude=\dimen260
\pgfdecorationsegmentlength=\dimen261
)
\tikz@lib@dec@box=\box69
)
(C:\Users\s338090\AppData\Local\Programs\MiKTeX\tex/generic/pgf/frontendlayer/t
ikz/libraries\tikzlibrarydecorations.pathmorphing.code.tex
(C:\Users\s338090\AppData\Local\Programs\MiKTeX\tex/generic/pgf/libraries/decor
ations\pgflibrarydecorations.pathmorphing.code.tex))
(C:\Users\s338090\AppData\Local\Programs\MiKTeX\tex/generic/pgf/frontendlayer/t
ikz/libraries\tikzlibrarydecorations.pathreplacing.code.tex
(C:\Users\s338090\AppData\Local\Programs\MiKTeX\tex/generic/pgf/libraries/decor
ations\pgflibrarydecorations.pathreplacing.code.tex))
(C:\Users\s338090\AppData\Local\Programs\MiKTeX\tex/generic/pgfplots/libs\tikzl
ibrarypgfplots.contourlua.code.tex)
\pgfplots@numplots=\count297
\pgfplots@xmin@reg=\dimen262
\pgfplots@xmax@reg=\dimen263
\pgfplots@ymin@reg=\dimen264
\pgfplots@ymax@reg=\dimen265
\pgfplots@zmin@reg=\dimen266
\pgfplots@zmax@reg=\dimen267
)
(C:\Users\s338090\AppData\Local\Programs\MiKTeX\tex/generic/pgf/frontendlayer/t
ikz/libraries\tikzlibraryplotmarks.code.tex
File: tikzlibraryplotmarks.code.tex 2023-01-15 v3.1.10 (3.1.10)

(C:\Users\s338090\AppData\Local\Programs\MiKTeX\tex/generic/pgf/libraries\pgfli
braryplotmarks.code.tex
File: pgflibraryplotmarks.code.tex 2023-01-15 v3.1.10 (3.1.10)
)))
(C:\Users\s338090\AppData\Local\Programs\MiKTeX\tex/generic/pgf/libraries\pgfli
braryarrows.meta.code.tex
File: pgflibraryarrows.meta.code.tex 2023-01-15 v3.1.10 (3.1.10)
\pgfarrowinset=\dimen268
\pgfarrowlength=\dimen269
\pgfarrowwidth=\dimen270
\pgfarrowlinewidth=\dimen271
)
(C:\Users\s338090\AppData\Local\Programs\MiKTeX\tex/generic/pgfplots/libs\tikzl
ibrarypgfplots.patchplots.code.tex)
(C:\Users\s338090\AppData\Local\Programs\MiKTeX\tex/latex/grffile\grffile.sty
Package: grffile 2019/11/11 v2.1 Extended file name support for graphics (legac
y)
Package grffile Info: This package is an empty stub for compatibility on input 
line 40.
)
(C:\Users\s338090\AppData\Local\Programs\MiKTeX\tex/latex/amsmath\amsmath.sty
Package: amsmath 2023/05/13 v2.17o AMS math features
\@mathmargin=\skip54

For additional information on amsmath, use the `?' option.
(C:\Users\s338090\AppData\Local\Programs\MiKTeX\tex/latex/amsmath\amstext.sty
Package: amstext 2021/08/26 v2.01 AMS text

(C:\Users\s338090\AppData\Local\Programs\MiKTeX\tex/latex/amsmath\amsgen.sty
File: amsgen.sty 1999/11/30 v2.0 generic functions
\@emptytoks=\toks39
\ex@=\dimen272
))
(C:\Users\s338090\AppData\Local\Programs\MiKTeX\tex/latex/amsmath\amsbsy.sty
Package: amsbsy 1999/11/29 v1.2d Bold Symbols
\pmbraise@=\dimen273
)
(C:\Users\s338090\AppData\Local\Programs\MiKTeX\tex/latex/amsmath\amsopn.sty
Package: amsopn 2022/04/08 v2.04 operator names
)
\inf@bad=\count298
LaTeX Info: Redefining \frac on input line 234.
\uproot@=\count299
\leftroot@=\count300
LaTeX Info: Redefining \overline on input line 399.
LaTeX Info: Redefining \colon on input line 410.
\classnum@=\count301
\DOTSCASE@=\count302
LaTeX Info: Redefining \ldots on input line 496.
LaTeX Info: Redefining \dots on input line 499.
LaTeX Info: Redefining \cdots on input line 620.
\Mathstrutbox@=\box70
\strutbox@=\box71
LaTeX Info: Redefining \big on input line 722.
LaTeX Info: Redefining \Big on input line 723.
LaTeX Info: Redefining \bigg on input line 724.
LaTeX Info: Redefining \Bigg on input line 725.
\big@size=\dimen274
LaTeX Font Info:    Redeclaring font encoding OML on input line 743.
LaTeX Font Info:    Redeclaring font encoding OMS on input line 744.
\macc@depth=\count303
LaTeX Info: Redefining \bmod on input line 905.
LaTeX Info: Redefining \pmod on input line 910.
LaTeX Info: Redefining \smash on input line 940.
LaTeX Info: Redefining \relbar on input line 970.
LaTeX Info: Redefining \Relbar on input line 971.
\c@MaxMatrixCols=\count304
\dotsspace@=\muskip16
\c@parentequation=\count305
\dspbrk@lvl=\count306
\tag@help=\toks40
\row@=\count307
\column@=\count308
\maxfields@=\count309
\andhelp@=\toks41
\eqnshift@=\dimen275
\alignsep@=\dimen276
\tagshift@=\dimen277
\tagwidth@=\dimen278
\totwidth@=\dimen279
\lineht@=\dimen280
\@envbody=\toks42
\multlinegap=\skip55
\multlinetaggap=\skip56
\mathdisplay@stack=\toks43
LaTeX Info: Redefining \[ on input line 2953.
LaTeX Info: Redefining \] on input line 2954.
)
(C:\Users\s338090\AppData\Local\Programs\MiKTeX\tex/latex/caption\subcaption.st
y
Package: subcaption 2023/07/28 v1.6b Sub-captions (AR)
 (C:\Users\s338090\AppData\Local\Programs\MiKTeX\tex/latex/caption\caption.sty
Package: caption 2023/08/05 v3.6o Customizing captions (AR)
(C:\Users\s338090\AppData\Local\Programs\MiKTeX\tex/latex/caption\caption3.sty
Package: caption3 2023/07/31 v2.4d caption3 kernel (AR)
\caption@tempdima=\dimen281
\captionmargin=\dimen282
\caption@leftmargin=\dimen283
\caption@rightmargin=\dimen284
\caption@width=\dimen285
\caption@indent=\dimen286
\caption@parindent=\dimen287
\caption@hangindent=\dimen288
Package caption Info: elsarticle document class detected.

(C:\Users\s338090\AppData\Local\Programs\MiKTeX\tex/latex/caption\caption-elsar
ticle.sto
File: caption-elsarticle.sto 2020/08/22 v2.0 Adaption of the caption package to
 the elsarticle document class (AR)
))
\c@caption@flags=\count310
\c@continuedfloat=\count311
)
Package caption Info: New subtype `subfigure' on input line 238.
\c@subfigure=\count312
Package caption Info: New subtype `subtable' on input line 238.
\c@subtable=\count313
)
(C:\Users\s338090\AppData\Local\Programs\MiKTeX\tex/latex/lineno\lineno.sty
Package: lineno 2023/05/20 line numbers on paragraphs v5.3
Invalid UTF-8 byte or sequence at line 292 replaced by U+FFFD.

(C:\Users\s338090\AppData\Local\Programs\MiKTeX\tex/latex/kvoptions\kvoptions.s
ty
Package: kvoptions 2022-06-15 v3.15 Key value format for package options (HO)

(C:\Users\s338090\AppData\Local\Programs\MiKTeX\tex/generic/ltxcmds\ltxcmds.sty
Package: ltxcmds 2020-05-10 v1.25 LaTeX kernel commands for general use (HO)
)
(C:\Users\s338090\AppData\Local\Programs\MiKTeX\tex/latex/kvsetkeys\kvsetkeys.s
ty
Package: kvsetkeys 2022-10-05 v1.19 Key value parser (HO)
))
\linenopenalty=\count314
\output=\toks44
\linenoprevgraf=\count315
\linenumbersep=\dimen289
\linenumberwidth=\dimen290
\c@linenumber=\count316
\c@pagewiselinenumber=\count317
\c@LN@truepage=\count318
\c@internallinenumber=\count319
\c@internallinenumbers=\count320
\quotelinenumbersep=\dimen291
\bframerule=\dimen292
\bframesep=\dimen293
\bframebox=\box72
\linenoamsmath@ams@eqpen=\count321
LaTeX Info: Redefining \\ on input line 3180.
)
(C:\Users\s338090\AppData\Local\Programs\MiKTeX\tex/latex/makecell\makecell.sty
Package: makecell 2009/08/03 V0.1e Managing of Tab Column Heads and Cells
(C:\Users\s338090\AppData\Local\Programs\MiKTeX\tex/latex/tools\array.sty
Package: array 2023/10/16 v2.5g Tabular extension package (FMi)
\col@sep=\dimen294
\ar@mcellbox=\box73
\extrarowheight=\dimen295
\NC@list=\toks45
\extratabsurround=\skip57
\backup@length=\skip58
\ar@cellbox=\box74
)
\rotheadsize=\dimen296
\c@nlinenum=\count322
\TeXr@lab=\toks46
)
(C:\Users\s338090\AppData\Local\Programs\MiKTeX\tex/latex/hyperref\hyperref.sty
Package: hyperref 2023-11-09 v7.01f Hypertext links for LaTeX
(C:\Users\s338090\AppData\Local\Programs\MiKTeX\tex/generic/iftex\iftex.sty
Package: iftex 2022/02/03 v1.0f TeX engine tests
)
(C:\Users\s338090\AppData\Local\Programs\MiKTeX\tex/generic/pdftexcmds\pdftexcm
ds.sty
Package: pdftexcmds 2020-06-27 v0.33 Utility functions of pdfTeX for LuaTeX (HO
)

(C:\Users\s338090\AppData\Local\Programs\MiKTeX\tex/generic/infwarerr\infwarerr
.sty
Package: infwarerr 2019/12/03 v1.5 Providing info/warning/error messages (HO)
)
Package pdftexcmds Info: \pdf@primitive is available.
Package pdftexcmds Info: \pdf@ifprimitive is available.
Package pdftexcmds Info: \pdfdraftmode not found.
)
(C:\Users\s338090\AppData\Local\Programs\MiKTeX\tex/generic/kvdefinekeys\kvdefi
nekeys.sty
Package: kvdefinekeys 2019-12-19 v1.6 Define keys (HO)
)
(C:\Users\s338090\AppData\Local\Programs\MiKTeX\tex/generic/pdfescape\pdfescape
.sty
Package: pdfescape 2019/12/09 v1.15 Implements pdfTeX's escape features (HO)
)
(C:\Users\s338090\AppData\Local\Programs\MiKTeX\tex/latex/hycolor\hycolor.sty
Package: hycolor 2020-01-27 v1.10 Color options for hyperref/bookmark (HO)
)
(C:\Users\s338090\AppData\Local\Programs\MiKTeX\tex/latex/letltxmacro\letltxmac
ro.sty
Package: letltxmacro 2019/12/03 v1.6 Let assignment for LaTeX macros (HO)
)
(C:\Users\s338090\AppData\Local\Programs\MiKTeX\tex/latex/auxhook\auxhook.sty
Package: auxhook 2019-12-17 v1.6 Hooks for auxiliary files (HO)
)
(C:\Users\s338090\AppData\Local\Programs\MiKTeX\tex/latex/hyperref\nameref.sty
Package: nameref 2023-11-09 v2.55 Cross-referencing by name of section

(C:\Users\s338090\AppData\Local\Programs\MiKTeX\tex/latex/refcount\refcount.sty
Package: refcount 2019/12/15 v3.6 Data extraction from label references (HO)
)
(C:\Users\s338090\AppData\Local\Programs\MiKTeX\tex/generic/gettitlestring\gett
itlestring.sty
Package: gettitlestring 2019/12/15 v1.6 Cleanup title references (HO)
)
\c@section@level=\count323
)
\@linkdim=\dimen297
\Hy@linkcounter=\count324
\Hy@pagecounter=\count325

(C:\Users\s338090\AppData\Local\Programs\MiKTeX\tex/latex/hyperref\pd1enc.def
File: pd1enc.def 2023-11-09 v7.01f Hyperref: PDFDocEncoding definition (HO)
)
(C:\Users\s338090\AppData\Local\Programs\MiKTeX\tex/generic/intcalc\intcalc.sty
Package: intcalc 2019/12/15 v1.3 Expandable calculations with integers (HO)
)
\Hy@SavedSpaceFactor=\count326
 (C:\Users\s338090\AppData\Local\Programs\MiKTeX\tex/latex/hyperref\puenc.def
File: puenc.def 2023-11-09 v7.01f Hyperref: PDF Unicode definition (HO)
)
Package hyperref Info: Hyper figures OFF on input line 4171.
Package hyperref Info: Link nesting OFF on input line 4176.
Package hyperref Info: Hyper index ON on input line 4179.
Package hyperref Info: Plain pages OFF on input line 4186.
Package hyperref Info: Backreferencing OFF on input line 4191.
Package hyperref Info: Implicit mode ON; LaTeX internals redefined.
Package hyperref Info: Bookmarks ON on input line 4438.
\c@Hy@tempcnt=\count327
(C:\Users\s338090\AppData\Local\Programs\MiKTeX\tex/latex/url\url.sty
\Urlmuskip=\muskip17
Package: url 2013/09/16  ver 3.4  Verb mode for urls, etc.
)
LaTeX Info: Redefining \url on input line 4776.
\XeTeXLinkMargin=\dimen298

(C:\Users\s338090\AppData\Local\Programs\MiKTeX\tex/generic/bitset\bitset.sty
Package: bitset 2019/12/09 v1.3 Handle bit-vector datatype (HO)

(C:\Users\s338090\AppData\Local\Programs\MiKTeX\tex/generic/bigintcalc\bigintca
lc.sty
Package: bigintcalc 2019/12/15 v1.5 Expandable calculations on big integers (HO
)
))
\Fld@menulength=\count328
\Field@Width=\dimen299
\Fld@charsize=\dimen300
Package hyperref Info: Hyper figures OFF on input line 6055.
Package hyperref Info: Link nesting OFF on input line 6060.
Package hyperref Info: Hyper index ON on input line 6063.
Package hyperref Info: backreferencing OFF on input line 6070.
Package hyperref Info: Link coloring OFF on input line 6075.
Package hyperref Info: Link coloring with OCG OFF on input line 6080.
Package hyperref Info: PDF/A mode OFF on input line 6085.

(C:\Users\s338090\AppData\Local\Programs\MiKTeX\tex/latex/base\atbegshi-ltx.sty
Package: atbegshi-ltx 2021/01/10 v1.0c Emulation of the original atbegshi
package with kernel methods
)
\Hy@abspage=\count329
\c@Item=\count330
\c@Hfootnote=\count331
)
Package hyperref Info: Driver (autodetected): hxetex.

(C:\Users\s338090\AppData\Local\Programs\MiKTeX\tex/latex/hyperref\hxetex.def
File: hxetex.def 2023-11-09 v7.01f Hyperref driver for XeTeX

(C:\Users\s338090\AppData\Local\Programs\MiKTeX\tex/generic/stringenc\stringenc
.sty
Package: stringenc 2019/11/29 v1.12 Convert strings between diff. encodings (HO
)
)
\pdfm@box=\box75
\c@Hy@AnnotLevel=\count332
\HyField@AnnotCount=\count333
\Fld@listcount=\count334
\c@bookmark@seq@number=\count335

(C:\Users\s338090\AppData\Local\Programs\MiKTeX\tex/latex/rerunfilecheck\rerunf
ilecheck.sty
Package: rerunfilecheck 2022-07-10 v1.10 Rerun checks for auxiliary files (HO)

(C:\Users\s338090\AppData\Local\Programs\MiKTeX\tex/latex/base\atveryend-ltx.st
y
Package: atveryend-ltx 2020/08/19 v1.0a Emulation of the original atveryend pac
kage
with kernel methods
)
(C:\Users\s338090\AppData\Local\Programs\MiKTeX\tex/generic/uniquecounter\uniqu
ecounter.sty
Package: uniquecounter 2019/12/15 v1.4 Provide unlimited unique counter (HO)
)
Package uniquecounter Info: New unique counter `rerunfilecheck' on input line 2
85.
)
\Hy@SectionHShift=\skip59
)
Package hyperref Info: Option `colorlinks' set `true' on input line 38.

(C:\Users\s338090\AppData\Local\Programs\MiKTeX\tex/latex/booktabs\booktabs.sty
Package: booktabs 2020/01/12 v1.61803398 Publication quality tables
\heavyrulewidth=\dimen301
\lightrulewidth=\dimen302
\cmidrulewidth=\dimen303
\belowrulesep=\dimen304
\belowbottomsep=\dimen305
\aboverulesep=\dimen306
\abovetopsep=\dimen307
\cmidrulesep=\dimen308
\cmidrulekern=\dimen309
\defaultaddspace=\dimen310
\@cmidla=\count336
\@cmidlb=\count337
\@aboverulesep=\dimen311
\@belowrulesep=\dimen312
\@thisruleclass=\count338
\@lastruleclass=\count339
\@thisrulewidth=\dimen313
) (C:\Users\s338090\AppData\Local\Programs\MiKTeX\tex/latex/float\float.sty
Package: float 2001/11/08 v1.3d Float enhancements (AL)
\c@float@type=\count340
\float@exts=\toks47
\float@box=\box76
\@float@everytoks=\toks48
\@floatcapt=\box77
)
(C:\Users\s338090\AppData\Local\Programs\MiKTeX\tex/latex/setspace\setspace.sty
Package: setspace 2022/12/04 v6.7b set line spacing
) (draft7.aux)
\openout1 = `draft7.aux'.

LaTeX Font Info:    Checking defaults for OML/cmm/m/it on input line 65.
LaTeX Font Info:    ... okay on input line 65.
LaTeX Font Info:    Checking defaults for OMS/cmsy/m/n on input line 65.
LaTeX Font Info:    ... okay on input line 65.
LaTeX Font Info:    Checking defaults for OT1/cmr/m/n on input line 65.
LaTeX Font Info:    ... okay on input line 65.
LaTeX Font Info:    Checking defaults for T1/cmr/m/n on input line 65.
LaTeX Font Info:    ... okay on input line 65.
LaTeX Font Info:    Checking defaults for TS1/cmr/m/n on input line 65.
LaTeX Font Info:    Trying to load font information for TS1+cmr on input line 6
5.

(C:\Users\s338090\AppData\Local\Programs\MiKTeX\tex/latex/base\ts1cmr.fd
File: ts1cmr.fd 2023/04/13 v2.5m Standard LaTeX font definitions
)
LaTeX Font Info:    ... okay on input line 65.
LaTeX Font Info:    Checking defaults for TU/lmr/m/n on input line 65.
LaTeX Font Info:    ... okay on input line 65.
LaTeX Font Info:    Checking defaults for OMX/cmex/m/n on input line 65.
LaTeX Font Info:    ... okay on input line 65.
LaTeX Font Info:    Checking defaults for U/cmr/m/n on input line 65.
LaTeX Font Info:    ... okay on input line 65.
LaTeX Font Info:    Checking defaults for PD1/pdf/m/n on input line 65.
LaTeX Font Info:    ... okay on input line 65.
LaTeX Font Info:    Checking defaults for PU/pdf/m/n on input line 65.
LaTeX Font Info:    ... okay on input line 65.

Package pgfplots notification 'compat/show suggested version=true': you might b
enefit from \pgfplotsset{compat=1.18} (current compat level: 1.8).

Package caption Info: Begin \AtBeginDocument code.
Package caption Info: float package is loaded.
Package caption Info: hyperref package is loaded.
Package caption Info: End \AtBeginDocument code.
Package hyperref Info: Link coloring ON on input line 65.
(draft7.out) (draft7.out)
\@outlinefile=\write5
\openout5 = `draft7.out'.

\figureheight=\skip60
\figurewidth=\skip61

Overfull \hbox (2.22pt too wide) has occurred while \output is active
[] 
 []


Package hyperref Warning: Token not allowed in a PDF string (Unicode):
(hyperref)                removing `\<def>-command' on input line 94.


Package hyperref Warning: Token not allowed in a PDF string (Unicode):
(hyperref)                removing `\cnotenum' on input line 94.


Package hyperref Warning: Token not allowed in a PDF string (Unicode):
(hyperref)                removing `\<def>-command' on input line 94.


Package hyperref Warning: Token not allowed in a PDF string (Unicode):
(hyperref)                removing `\@corref' on input line 94.

[1


] [2] [3] [4]
Overfull \hbox (2.22092pt too wide) in paragraph at lines 158--160
[]\TU/lmr/m/n/10 Additionally, this article focuses on a two-dimensional LBM si
mulation within
 []

[5]
File: schematic.png Graphic file (type bmp)
<schematic.png>
 [6] [7] [8] (lap-max.tex
Overfull \hbox (5.00005pt too wide) in paragraph at lines 15058--15058
[][]$\OT1/cmr/m/n/10 500$  
 []


Overfull \hbox (12.77785pt too wide) in paragraph at lines 15058--15058
[][]$\OT1/cmr/m/n/10 1[]000$  
 []


Overfull \hbox (12.77785pt too wide) in paragraph at lines 15058--15058
[][]$\OT1/cmr/m/n/10 1[]500$  
 []


Overfull \hbox (12.77785pt too wide) in paragraph at lines 15058--15058
[][]$\OT1/cmr/m/n/10 2[]000$  
 []


Overfull \hbox (12.77785pt too wide) in paragraph at lines 15058--15058
[][]$\OT1/cmr/m/n/10 2[]500$  
 []


Overfull \hbox (12.77785pt too wide) in paragraph at lines 15058--15058
[][]$\OT1/cmr/m/n/10 3[]000$  
 []


Overfull \hbox (12.77785pt too wide) in paragraph at lines 15058--15058
[][]$\OT1/cmr/m/n/10 3[]500$  
 []


Overfull \hbox (12.77785pt too wide) in paragraph at lines 15058--15058
[][]$\OT1/cmr/m/n/10 4[]000$  
 []


Overfull \hbox (12.77785pt too wide) in paragraph at lines 15058--15058
[][]$\OT1/cmr/m/n/10 4[]500$  
 []


Overfull \hbox (12.77785pt too wide) in paragraph at lines 15058--15058
[][]$\OT1/cmr/m/n/10 5[]000$  
 []


Overfull \hbox (2.77782pt too wide) in paragraph at lines 15084--15084
[][]$\OT1/cmr/m/n/10 3\OML/cmm/m/it/10 :\OT1/cmr/m/n/10 2$  
 []


Overfull \hbox (2.77782pt too wide) in paragraph at lines 15084--15084
[][]$\OT1/cmr/m/n/10 3\OML/cmm/m/it/10 :\OT1/cmr/m/n/10 4$  
 []


Overfull \hbox (2.77782pt too wide) in paragraph at lines 15084--15084
[][]$\OT1/cmr/m/n/10 3\OML/cmm/m/it/10 :\OT1/cmr/m/n/10 6$  
 []


Overfull \hbox (2.77782pt too wide) in paragraph at lines 15084--15084
[][]$\OT1/cmr/m/n/10 3\OML/cmm/m/it/10 :\OT1/cmr/m/n/10 8$  
 []


Overfull \hbox (2.77782pt too wide) in paragraph at lines 15084--15084
[][]$\OT1/cmr/m/n/10 4\OML/cmm/m/it/10 :\OT1/cmr/m/n/10 2$  
 []


Overfull \hbox (2.77782pt too wide) in paragraph at lines 15084--15084
[][]$\OT1/cmr/m/n/10 4\OML/cmm/m/it/10 :\OT1/cmr/m/n/10 4$  
 []


Overfull \hbox (2.77782pt too wide) in paragraph at lines 15084--15084
[][]$\OT1/cmr/m/n/10 4\OML/cmm/m/it/10 :\OT1/cmr/m/n/10 6$  
 []


Overfull \hbox (2.77782pt too wide) in paragraph at lines 15084--15084
[][]$\OT1/cmr/m/n/10 4\OML/cmm/m/it/10 :\OT1/cmr/m/n/10 8$  
 []


Overfull \hbox (13.51396pt too wide) in paragraph at lines 15084--15084
[][]$\OMS/cmsy/m/n/10 ^^A\OT1/cmr/m/n/10 10[]$  
 []


Overfull \hbox (9.51402pt too wide) in paragraph at lines 15084--15084
[][]$\OMS/cmsy/m/n/10 ^^A\OT1/cmr/m/n/10 10[]$  
 []


Overfull \hbox (2.77782pt too wide) in paragraph at lines 15159--15159
[][]$\OT1/cmr/m/n/10 0\OML/cmm/m/it/10 :\OT1/cmr/m/n/10 5$  
 []


Overfull \hbox (2.77782pt too wide) in paragraph at lines 15159--15159
[][]$\OT1/cmr/m/n/10 1\OML/cmm/m/it/10 :\OT1/cmr/m/n/10 5$  
 []


Overfull \hbox (2.77782pt too wide) in paragraph at lines 15159--15159
[][]$\OT1/cmr/m/n/10 2\OML/cmm/m/it/10 :\OT1/cmr/m/n/10 5$  
 []


Overfull \hbox (2.77782pt too wide) in paragraph at lines 15159--15159
[][]$\OT1/cmr/m/n/10 3\OML/cmm/m/it/10 :\OT1/cmr/m/n/10 5$  
 []

) [9] [10] (initial.tex
Overfull \hbox (2.77785pt too wide) in paragraph at lines 61--61
[][]$\OT1/cmr/m/n/10 1[]000$  
 []


Overfull \hbox (3.10002pt too wide) in paragraph at lines 61--61
[][]$\OT1/cmr/m/n/10 100$  
 []


Overfull \hbox (2.77785pt too wide) in paragraph at lines 244--244
[][]$\OT1/cmr/m/n/10 1[]000$  
 []

) [11] [12] (domainsize.tex
Overfull \hbox (2.77785pt too wide) in paragraph at lines 141--141
[][]$\OT1/cmr/m/n/10 1[]000$  
 []


Overfull \hbox (2.77785pt too wide) in paragraph at lines 252--252
[][]$\OT1/cmr/m/n/10 1[]000$  
 []


Overfull \hbox (3.99998pt too wide) in paragraph at lines 252--252
[][]$\OT1/cmr/m/n/10 100$  
 []


Overfull \hbox (2.77785pt too wide) in paragraph at lines 413--413
[][]$\OT1/cmr/m/n/10 1[]000$  
 []


Overfull \hbox (3.99998pt too wide) in paragraph at lines 413--413
[][]$\OT1/cmr/m/n/10 100$  
 []


Overfull \hbox (2.77785pt too wide) in paragraph at lines 564--564
[][]$\OT1/cmr/m/n/10 1[]000$  
 []


Overfull \hbox (3.99998pt too wide) in paragraph at lines 564--564
[][]$\OT1/cmr/m/n/10 100$  
 []


Overfull \hbox (3.99998pt too wide) in paragraph at lines 564--564
[][]$\OT1/cmr/m/n/10 120$  
 []

) [13] [14]
File: contour.png Graphic file (type bmp)
<contour.png>
 [15] (radius.tex
Overfull \hbox (2.77785pt too wide) in paragraph at lines 2021--2021
[][]$\OT1/cmr/m/n/10 1[]000$  
 []


Package pgfplots Warning: Ignoring illegal input argument xmin=0: cannot apply 
log. on input line 2043.

 [warning /pgfplots/warning/illegal user argument in log axis]
NOTE: coordinate (0,19.9377145796532) has been dropped because it is unbounded 
(in x). (see also unbounded coords=jump). 
NOTE: coordinate (340,0) has been dropped because it is unbounded (in y). (see 
also unbounded coords=jump). 
NOTE: coordinate (360,0) has been dropped because it is unbounded (in y). (see 
also unbounded coords=jump). 
NOTE: coordinate (380,0) has been dropped because it is unbounded (in y). (see 
also unbounded coords=jump). 
NOTE: coordinate (400,0) has been dropped because it is unbounded (in y). (see 
also unbounded coords=jump). 
NOTE: coordinate (420,0) has been dropped because it is unbounded (in y). (see 
also unbounded coords=jump). 
NOTE: coordinate (440,0) has been dropped because it is unbounded (in y). (see 
also unbounded coords=jump). 
NOTE: coordinate (460,0) has been dropped because it is unbounded (in y). (see 
also unbounded coords=jump). 
NOTE: coordinate (480,0) has been dropped because it is unbounded (in y). (see 
also unbounded coords=jump). 
NOTE: coordinate (500,0) has been dropped because it is unbounded (in y). (see 
also unbounded coords=jump). 
NOTE: coordinate (520,0) has been dropped because it is unbounded (in y). (see 
also unbounded coords=jump). 
NOTE: coordinate (540,0) has been dropped because it is unbounded (in y). (see 
also unbounded coords=jump). 
NOTE: coordinate (560,0) has been dropped because it is unbounded (in y). (see 
also unbounded coords=jump). 
NOTE: coordinate (580,0) has been dropped because it is unbounded (in y). (see 
also unbounded coords=jump). 
NOTE: coordinate (600,0) has been dropped because it is unbounded (in y). (see 
also unbounded coords=jump). 
NOTE: coordinate (620,0) has been dropped because it is unbounded (in y). (see 
also unbounded coords=jump). 
NOTE: coordinate (640,0) has been dropped because it is unbounded (in y). (see 
also unbounded coords=jump). 
NOTE: coordinate (660,0) has been dropped because it is unbounded (in y). (see 
also unbounded coords=jump). 
NOTE: coordinate (680,0) has been dropped because it is unbounded (in y). (see 
also unbounded coords=jump). 
NOTE: coordinate (700,0) has been dropped because it is unbounded (in y). (see 
also unbounded coords=jump). 
NOTE: coordinate (720,0) has been dropped because it is unbounded (in y). (see 
also unbounded coords=jump). 
NOTE: coordinate (740,0) has been dropped because it is unbounded (in y). (see 
also unbounded coords=jump). 
NOTE: coordinate (760,0) has been dropped because it is unbounded (in y). (see 
also unbounded coords=jump). 
NOTE: coordinate (780,0) has been dropped because it is unbounded (in y). (see 
also unbounded coords=jump). 
NOTE: coordinate (800,0) has been dropped because it is unbounded (in y). (see 
also unbounded coords=jump). 
NOTE: coordinate (820,0) has been dropped because it is unbounded (in y). (see 
also unbounded coords=jump). 
NOTE: coordinate (840,0) has been dropped because it is unbounded (in y). (see 
also unbounded coords=jump). 
NOTE: coordinate (860,0) has been dropped because it is unbounded (in y). (see 
also unbounded coords=jump). 
NOTE: coordinate (880,0) has been dropped because it is unbounded (in y). (see 
also unbounded coords=jump). 
NOTE: coordinate (900,0) has been dropped because it is unbounded (in y). (see 
also unbounded coords=jump). 
NOTE: coordinate (920,0) has been dropped because it is unbounded (in y). (see 
also unbounded coords=jump). 
NOTE: coordinate (940,0) has been dropped because it is unbounded (in y). (see 
also unbounded coords=jump). 
NOTE: coordinate (960,0) has been dropped because it is unbounded (in y). (see 
also unbounded coords=jump). 
NOTE: coordinate (980,0) has been dropped because it is unbounded (in y). (see 
also unbounded coords=jump). 
NOTE: coordinate (0,24.9340494392332) has been dropped because it is unbounded 
(in x). (see also unbounded coords=jump). 
NOTE: coordinate (440,0) has been dropped because it is unbounded (in y). (see 
also unbounded coords=jump). 
NOTE: coordinate (460,0) has been dropped because it is unbounded (in y). (see 
also unbounded coords=jump). 
NOTE: coordinate (480,0) has been dropped because it is unbounded (in y). (see 
also unbounded coords=jump). 
NOTE: coordinate (500,0) has been dropped because it is unbounded (in y). (see 
also unbounded coords=jump). 
NOTE: coordinate (520,0) has been dropped because it is unbounded (in y). (see 
also unbounded coords=jump). 
NOTE: coordinate (540,0) has been dropped because it is unbounded (in y). (see 
also unbounded coords=jump). 
NOTE: coordinate (560,0) has been dropped because it is unbounded (in y). (see 
also unbounded coords=jump). 
NOTE: coordinate (580,0) has been dropped because it is unbounded (in y). (see 
also unbounded coords=jump). 
NOTE: coordinate (600,0) has been dropped because it is unbounded (in y). (see 
also unbounded coords=jump). 
NOTE: coordinate (620,0) has been dropped because it is unbounded (in y). (see 
also unbounded coords=jump). 
NOTE: coordinate (640,0) has been dropped because it is unbounded (in y). (see 
also unbounded coords=jump). 
NOTE: coordinate (660,0) has been dropped because it is unbounded (in y). (see 
also unbounded coords=jump). 
NOTE: coordinate (680,0) has been dropped because it is unbounded (in y). (see 
also unbounded coords=jump). 
NOTE: coordinate (700,0) has been dropped because it is unbounded (in y). (see 
also unbounded coords=jump). 
NOTE: coordinate (720,0) has been dropped because it is unbounded (in y). (see 
also unbounded coords=jump). 
NOTE: coordinate (740,0) has been dropped because it is unbounded (in y). (see 
also unbounded coords=jump). 
NOTE: coordinate (760,0) has been dropped because it is unbounded (in y). (see 
also unbounded coords=jump). 
NOTE: coordinate (780,0) has been dropped because it is unbounded (in y). (see 
also unbounded coords=jump). 
NOTE: coordinate (800,0) has been dropped because it is unbounded (in y). (see 
also unbounded coords=jump). 
NOTE: coordinate (820,0) has been dropped because it is unbounded (in y). (see 
also unbounded coords=jump). 
NOTE: coordinate (840,0) has been dropped because it is unbounded (in y). (see 
also unbounded coords=jump). 
NOTE: coordinate (860,0) has been dropped because it is unbounded (in y). (see 
also unbounded coords=jump). 
NOTE: coordinate (880,0) has been dropped because it is unbounded (in y). (see 
also unbounded coords=jump). 
NOTE: coordinate (900,0) has been dropped because it is unbounded (in y). (see 
also unbounded coords=jump). 
NOTE: coordinate (920,0) has been dropped because it is unbounded (in y). (see 
also unbounded coords=jump). 
NOTE: coordinate (940,0) has been dropped because it is unbounded (in y). (see 
also unbounded coords=jump). 
NOTE: coordinate (960,0) has been dropped because it is unbounded (in y). (see 
also unbounded coords=jump). 
NOTE: coordinate (980,0) has been dropped because it is unbounded (in y). (see 
also unbounded coords=jump). 
NOTE: coordinate (419,-29.3505058430337) has been dropped because it is unbound
ed (in y). (see also unbounded coords=jump). 
NOTE: coordinate (0,29.9340254080008) has been dropped because it is unbounded 
(in x). (see also unbounded coords=jump). 
NOTE: coordinate (520,0) has been dropped because it is unbounded (in y). (see 
also unbounded coords=jump). 
NOTE: coordinate (540,0) has been dropped because it is unbounded (in y). (see 
also unbounded coords=jump). 
NOTE: coordinate (560,0) has been dropped because it is unbounded (in y). (see 
also unbounded coords=jump). 
NOTE: coordinate (580,0) has been dropped because it is unbounded (in y). (see 
also unbounded coords=jump). 
NOTE: coordinate (600,0) has been dropped because it is unbounded (in y). (see 
also unbounded coords=jump). 
NOTE: coordinate (620,0) has been dropped because it is unbounded (in y). (see 
also unbounded coords=jump). 
NOTE: coordinate (640,0) has been dropped because it is unbounded (in y). (see 
also unbounded coords=jump). 
NOTE: coordinate (660,0) has been dropped because it is unbounded (in y). (see 
also unbounded coords=jump). 
NOTE: coordinate (680,0) has been dropped because it is unbounded (in y). (see 
also unbounded coords=jump). 
NOTE: coordinate (700,0) has been dropped because it is unbounded (in y). (see 
also unbounded coords=jump). 
NOTE: coordinate (720,0) has been dropped because it is unbounded (in y). (see 
also unbounded coords=jump). 
NOTE: coordinate (740,0) has been dropped because it is unbounded (in y). (see 
also unbounded coords=jump). 
NOTE: coordinate (760,0) has been dropped because it is unbounded (in y). (see 
also unbounded coords=jump). 
NOTE: coordinate (780,0) has been dropped because it is unbounded (in y). (see 
also unbounded coords=jump). 
NOTE: coordinate (800,0) has been dropped because it is unbounded (in y). (see 
also unbounded coords=jump). 
NOTE: coordinate (820,0) has been dropped because it is unbounded (in y). (see 
also unbounded coords=jump). 
NOTE: coordinate (840,0) has been dropped because it is unbounded (in y). (see 
also unbounded coords=jump). 
NOTE: coordinate (860,0) has been dropped because it is unbounded (in y). (see 
also unbounded coords=jump). 
NOTE: coordinate (880,0) has been dropped because it is unbounded (in y). (see 
also unbounded coords=jump). 
NOTE: coordinate (900,0) has been dropped because it is unbounded (in y). (see 
also unbounded coords=jump). 
NOTE: coordinate (920,0) has been dropped because it is unbounded (in y). (see 
also unbounded coords=jump). 
NOTE: coordinate (940,0) has been dropped because it is unbounded (in y). (see 
also unbounded coords=jump). 
NOTE: coordinate (960,0) has been dropped because it is unbounded (in y). (see 
also unbounded coords=jump). 
NOTE: coordinate (980,0) has been dropped because it is unbounded (in y). (see 
also unbounded coords=jump). 
NOTE: coordinate (0,34.9340096557603) has been dropped because it is unbounded 
(in x). (see also unbounded coords=jump). 
NOTE: coordinate (620,0) has been dropped because it is unbounded (in y). (see 
also unbounded coords=jump). 
NOTE: coordinate (640,0) has been dropped because it is unbounded (in y). (see 
also unbounded coords=jump). 
NOTE: coordinate (660,0) has been dropped because it is unbounded (in y). (see 
also unbounded coords=jump). 
NOTE: coordinate (680,0) has been dropped because it is unbounded (in y). (see 
also unbounded coords=jump). 
NOTE: coordinate (700,0) has been dropped because it is unbounded (in y). (see 
also unbounded coords=jump). 
NOTE: coordinate (720,0) has been dropped because it is unbounded (in y). (see 
also unbounded coords=jump). 
NOTE: coordinate (740,0) has been dropped because it is unbounded (in y). (see 
also unbounded coords=jump). 
NOTE: coordinate (760,0) has been dropped because it is unbounded (in y). (see 
also unbounded coords=jump). 
NOTE: coordinate (780,0) has been dropped because it is unbounded (in y). (see 
also unbounded coords=jump). 
NOTE: coordinate (800,0) has been dropped because it is unbounded (in y). (see 
also unbounded coords=jump). 
NOTE: coordinate (820,0) has been dropped because it is unbounded (in y). (see 
also unbounded coords=jump). 
NOTE: coordinate (840,0) has been dropped because it is unbounded (in y). (see 
also unbounded coords=jump). 
NOTE: coordinate (860,0) has been dropped because it is unbounded (in y). (see 
also unbounded coords=jump). 
NOTE: coordinate (880,0) has been dropped because it is unbounded (in y). (see 
also unbounded coords=jump). 
NOTE: coordinate (900,0) has been dropped because it is unbounded (in y). (see 
also unbounded coords=jump). 
NOTE: coordinate (920,0) has been dropped because it is unbounded (in y). (see 
also unbounded coords=jump). 
NOTE: coordinate (940,0) has been dropped because it is unbounded (in y). (see 
also unbounded coords=jump). 
NOTE: coordinate (960,0) has been dropped because it is unbounded (in y). (see 
also unbounded coords=jump). 
NOTE: coordinate (980,0) has been dropped because it is unbounded (in y). (see 
also unbounded coords=jump). 
NOTE: coordinate (0,350.00035000035) has been dropped because it is unbounded (
in x). (see also unbounded coords=jump). 
NOTE: coordinate (2419,-60.0829968315778) has been dropped because it is unboun
ded (in y). (see also unbounded coords=jump). 
NOTE: coordinate (2499,-231.44500813506) has been dropped because it is unbound
ed (in y). (see also unbounded coords=jump). 
NOTE: coordinate (2579,-325.266599497114) has been dropped because it is unboun
ded (in y). (see also unbounded coords=jump). 
NOTE: coordinate (2659,-398.348491363961) has been dropped because it is unboun
ded (in y). (see also unbounded coords=jump). 
NOTE: coordinate (2739,-459.956629829432) has been dropped because it is unboun
ded (in y). (see also unbounded coords=jump). 
NOTE: coordinate (2819,-514.739313276919) has been dropped because it is unboun
ded (in y). (see also unbounded coords=jump). 
NOTE: coordinate (2899,-564.739615381656) has been dropped because it is unboun
ded (in y). (see also unbounded coords=jump). 
NOTE: coordinate (2979,-610.644120929182) has been dropped because it is unboun
ded (in y). (see also unbounded coords=jump). 
NOTE: coordinate (3059,-653.319582796987) has been dropped because it is unboun
ded (in y). (see also unbounded coords=jump). 
NOTE: coordinate (3139,-693.418052007839) has been dropped because it is unboun
ded (in y). (see also unbounded coords=jump). 
NOTE: coordinate (3219,-731.37288883121) has been dropped because it is unbound
ed (in y). (see also unbounded coords=jump). 
NOTE: coordinate (3299,-767.469330570424) has been dropped because it is unboun
ded (in y). (see also unbounded coords=jump). 
NOTE: coordinate (3379,-801.955497251549) has been dropped because it is unboun
ded (in y). (see also unbounded coords=jump). 
NOTE: coordinate (3459,-835.036782845975) has been dropped because it is unboun
ded (in y). (see also unbounded coords=jump). 

Overfull \hbox (3.4861pt too wide) in paragraph at lines 2443--2443
[][]$\OT1/cmr/m/n/10 10[]$  
 []


Overfull \hbox (3.4861pt too wide) in paragraph at lines 2443--2443
[][]$\OT1/cmr/m/n/10 10[]$  
 []


Overfull \hbox (3.4861pt too wide) in paragraph at lines 2443--2443
[][]$\OT1/cmr/m/n/10 10[]$  
 []


Overfull \hbox (3.4861pt too wide) in paragraph at lines 2443--2443
[][]$\OT1/cmr/m/n/10 10[]$  
 []

) [16] [17] [18] [19] (draft7.bbl [20])

Package caption Warning: Unused \captionsetup[subfigure] on input line 28.
See the caption package documentation for explanation.

[21] (draft7.aux)
 ***********
LaTeX2e <2023-11-01>
L3 programming layer <2023-11-09>
 ***********


Package rerunfilecheck Warning: File `draft7.out' has changed.
(rerunfilecheck)                Rerun to get outlines right
(rerunfilecheck)                or use package `bookmark'.

Package rerunfilecheck Info: Checksums for `draft7.out':
(rerunfilecheck)             Before: D263D3729F9DBE60E1B50CDB2D380FE9;1936
(rerunfilecheck)             After:  2150ADD34B09ECD36C715BACB5B7412A;1964.
 ) 
Here is how much of TeX's memory you used:
 33730 strings out of 409717
 787676 string characters out of 5775532
 3911819 words of memory out of 5000000
 55229 multiletter control sequences out of 15000+600000
 562421 words of font info for 67 fonts, out of 8000000 for 9000
 1348 hyphenation exceptions out of 8191
 99i,24n,107p,2665b,2461s stack positions out of 10000i,1000n,20000p,200000b,200000s

Output written on draft7.pdf (21 pages).
